2024/11/14 15:49:13 logger.go:37: 日志系统初始化完成，日志文件：logs\2024-11-14_15-49-13.log
2024/11/14 15:49:13 main.go:23: 程序开始执行，正在打开输入文件 'input.xlsx'...
2024/11/14 15:49:13 main.go:37: ✅ 成功读取输入文件，共有 11 行数据需要处理
2024/11/14 15:49:13 main.go:49: 开始并发处理数据，并发数: 16
2024/11/14 15:49:13 main.go:52: ⚠️ 跳过第 1 行：空行
2024/11/14 15:49:13 client.go:33: 开始处理输入文本: 通过数据给同学生成注意事项，让该...
2024/11/14 15:49:13 client.go:33: 开始处理输入文本: 通过数据给同学生成注意事项，让该...
2024/11/14 15:49:13 client.go:33: 开始处理输入文本: 通过数据给同学生成注意事项，让该...
2024/11/14 15:49:13 client.go:33: 开始处理输入文本: 通过数据给同学生成注意事项，让该...
2024/11/14 15:49:13 client.go:33: 开始处理输入文本: 通过数据给同学生成注意事项，让该...
2024/11/14 15:49:13 client.go:33: 开始处理输入文本: 通过数据给同学生成注意事项，让该...
2024/11/14 15:49:13 client.go:33: 开始处理输入文本: 通过数据给同学生成注意事项，让该...
2024/11/14 15:49:13 client.go:33: 开始处理输入文本: 通过数据给同学生成注意事项，让该...
2024/11/14 15:49:13 client.go:33: 开始处理输入文本: 通过数据给同学生成注意事项，让该...
2024/11/14 15:49:13 client.go:33: 开始处理输入文本: 通过数据给同学生成注意事项，让该...
2024/11/14 15:49:16 client.go:84: ✅ 处理完成，耗时: 2.6515311s, 输出长度: 213字符
2024/11/14 15:49:16 main.go:68: 已处理第 5 行
2024/11/14 15:49:16 client.go:84: ✅ 处理完成，耗时: 2.6614536s, 输出长度: 174字符
2024/11/14 15:49:16 main.go:68: 已处理第 4 行
2024/11/14 15:49:16 client.go:84: ✅ 处理完成，耗时: 2.7418311s, 输出长度: 225字符
2024/11/14 15:49:16 main.go:68: 已处理第 2 行
2024/11/14 15:49:16 client.go:84: ✅ 处理完成，耗时: 2.9083485s, 输出长度: 195字符
2024/11/14 15:49:16 main.go:68: 已处理第 6 行
2024/11/14 15:49:16 client.go:84: ✅ 处理完成，耗时: 2.9763951s, 输出长度: 267字符
2024/11/14 15:49:16 main.go:68: 已处理第 3 行
2024/11/14 15:49:16 client.go:84: ✅ 处理完成，耗时: 3.228818s, 输出长度: 189字符
2024/11/14 15:49:16 main.go:68: 已处理第 10 行
2024/11/14 15:49:17 client.go:84: ✅ 处理完成，耗时: 3.6042636s, 输出长度: 249字符
2024/11/14 15:49:17 main.go:68: 已处理第 11 行
2024/11/14 15:49:17 client.go:84: ✅ 处理完成，耗时: 3.9580415s, 输出长度: 342字符
2024/11/14 15:49:17 main.go:68: 已处理第 9 行
2024/11/14 15:49:18 client.go:84: ✅ 处理完成，耗时: 4.604158s, 输出长度: 273字符
2024/11/14 15:49:18 main.go:68: 已处理第 7 行
2024/11/14 15:49:20 client.go:84: ✅ 处理完成，耗时: 6.8365436s, 输出长度: 288字符
2024/11/14 15:49:20 main.go:68: 已处理第 8 行
2024/11/14 15:49:20 main.go:92: ✅ 处理完成！
2024/11/14 15:49:20 main.go:93: 总行数: 11
2024/11/14 15:49:20 main.go:94: 总耗时: 6.8440843s
2024/11/14 15:49:20 main.go:95: 结果已保存到 output_2024-11-14_15-49-20.xlsx
