2024/11/18 17:42:05 logger.go:37: 日志系统初始化完成，日志文件：logs\2024-11-18_17-42-05.log
2024/11/18 17:42:05 main.go:23: 程序开始执行，正在打开输入文件 'input.xlsx'...
2024/11/18 17:42:05 main.go:37: ✅ 成功读取输入文件，共有 41 行数据需要处理
2024/11/18 17:42:05 main.go:49: 开始并发处理数据，并发数: 16
2024/11/18 17:42:05 main.go:52: ⚠️ 跳过第 1 行：空行
2024/11/18 17:42:05 client.go:33: 开始处理输入文本: 帮我提供20条人们常问的数学相关问题...
2024/11/18 17:42:05 client.go:33: 开始处理输入文本: 帮我提供20条人们常问的市场营销相关...
2024/11/18 17:42:05 client.go:33: 开始处理输入文本: 帮我提供20条人们常问的农业相关问题...
2024/11/18 17:42:05 client.go:33: 开始处理输入文本: 帮我提供20条人们常问的能源相关问题...
2024/11/18 17:42:05 client.go:33: 开始处理输入文本: 帮我提供20条人们常问的航天相关问题...
2024/11/18 17:42:05 client.go:33: 开始处理输入文本: 帮我提供20条人们常问的电子信息相关...
2024/11/18 17:42:05 client.go:33: 开始处理输入文本: 帮我提供20条人们常问的历史学相关问...
2024/11/18 17:42:05 client.go:33: 开始处理输入文本: 帮我提供20条人们常问的金融相关问题...
2024/11/18 17:42:05 client.go:33: 开始处理输入文本: 帮我提供20条人们常问的考古相关问题...
2024/11/18 17:42:05 client.go:33: 开始处理输入文本: 帮我提供20条人们常问的国防工业相关...
2024/11/18 17:42:05 client.go:33: 开始处理输入文本: 帮我提供20条人们常问的人力资源相关...
2024/11/18 17:42:05 client.go:33: 开始处理输入文本: 帮我提供20条人们常问的传媒相关问题...
2024/11/18 17:42:05 client.go:33: 开始处理输入文本: 帮我提供20条人们常问的体育相关问题...
2024/11/18 17:42:05 client.go:33: 开始处理输入文本: 帮我提供20条人们常问的建筑相关问题...
2024/11/18 17:42:05 client.go:33: 开始处理输入文本: 帮我提供20条人们常问的纺织相关问题...
2024/11/18 17:42:05 client.go:33: 开始处理输入文本: 帮我提供20条人们常问的代码相关问题...
2024/11/18 17:42:15 client.go:84: ✅ 处理完成，耗时: 9.6302873s, 输出长度: 1011字符
2024/11/18 17:42:15 main.go:68: 已处理第 10 行
2024/11/18 17:42:15 client.go:33: 开始处理输入文本: 帮我提供20条人们常问的气象学相关问...
2024/11/18 17:42:16 client.go:84: ✅ 处理完成，耗时: 11.1846056s, 输出长度: 1031字符
2024/11/18 17:42:16 main.go:68: 已处理第 5 行
2024/11/18 17:42:16 client.go:33: 开始处理输入文本: 帮我提供20条人们常问的心理学相关问...
2024/11/18 17:42:17 client.go:84: ✅ 处理完成，耗时: 11.8027676s, 输出长度: 999字符
2024/11/18 17:42:17 main.go:68: 已处理第 17 行
2024/11/18 17:42:17 client.go:33: 开始处理输入文本: 帮我提供20条人们常问的社会学相关问...
2024/11/18 17:42:17 client.go:84: ✅ 处理完成，耗时: 11.8397023s, 输出长度: 1134字符
2024/11/18 17:42:17 main.go:68: 已处理第 7 行
2024/11/18 17:42:17 client.go:33: 开始处理输入文本: 帮我提供20条人们常问的人工智能相关...
2024/11/18 17:42:17 client.go:84: ✅ 处理完成，耗时: 12.0414082s, 输出长度: 833字符
2024/11/18 17:42:17 main.go:68: 已处理第 3 行
2024/11/18 17:42:17 client.go:33: 开始处理输入文本: 帮我提供20条人们常问的食品安全相关...
2024/11/18 17:42:17 client.go:84: ✅ 处理完成，耗时: 12.1624997s, 输出长度: 1144字符
2024/11/18 17:42:17 main.go:68: 已处理第 18 行
2024/11/18 17:42:17 client.go:33: 开始处理输入文本: 帮我提供20条人们常问的咨询策划相关...
2024/11/18 17:42:18 client.go:84: ✅ 处理完成，耗时: 12.6287666s, 输出长度: 897字符
2024/11/18 17:42:18 main.go:68: 已处理第 15 行
2024/11/18 17:42:18 client.go:33: 开始处理输入文本: 帮我提供20条人们常问的物业管理相关...
2024/11/18 17:42:18 client.go:84: ✅ 处理完成，耗时: 13.0242228s, 输出长度: 1428字符
2024/11/18 17:42:18 main.go:68: 已处理第 4 行
2024/11/18 17:42:18 client.go:33: 开始处理输入文本: 帮我提供20条人们常问的环境保护相关...
2024/11/18 17:42:19 client.go:84: ✅ 处理完成，耗时: 13.6013986s, 输出长度: 1076字符
2024/11/18 17:42:19 main.go:68: 已处理第 13 行
2024/11/18 17:42:19 client.go:33: 开始处理输入文本: 帮我提供20条人们常问的贸易相关问题...
2024/11/18 17:42:19 client.go:84: ✅ 处理完成，耗时: 14.0464042s, 输出长度: 603字符
2024/11/18 17:42:19 main.go:68: 已处理第 2 行
2024/11/18 17:42:19 client.go:33: 开始处理输入文本: 帮我提供20条人们常问的教育相关问题...
2024/11/18 17:42:20 client.go:84: ✅ 处理完成，耗时: 14.3400468s, 输出长度: 1239字符
2024/11/18 17:42:20 main.go:68: 已处理第 11 行
2024/11/18 17:42:20 client.go:33: 开始处理输入文本: 帮我提供20条人们常问的文化产业相关...
2024/11/18 17:42:20 client.go:84: ✅ 处理完成，耗时: 14.8323754s, 输出长度: 1563字符
2024/11/18 17:42:20 main.go:68: 已处理第 8 行
2024/11/18 17:42:20 client.go:33: 开始处理输入文本: 帮我提供20条人们常问的旅游业相关问...
2024/11/18 17:42:21 client.go:84: ✅ 处理完成，耗时: 15.9146761s, 输出长度: 1175字符
2024/11/18 17:42:21 main.go:68: 已处理第 19 行
2024/11/18 17:42:21 client.go:33: 开始处理输入文本: 帮我提供20条人们常问的水利工程相关...
2024/11/18 17:42:23 client.go:84: ✅ 处理完成，耗时: 17.7037567s, 输出长度: 1499字符
2024/11/18 17:42:23 main.go:68: 已处理第 14 行
2024/11/18 17:42:23 client.go:33: 开始处理输入文本: 帮我提供20条人们常问的交通运输相关...
2024/11/18 17:42:24 client.go:84: ✅ 处理完成，耗时: 18.9252819s, 输出长度: 1488字符
2024/11/18 17:42:24 main.go:68: 已处理第 16 行
2024/11/18 17:42:24 client.go:33: 开始处理输入文本: 帮我提供20条人们常问的两性相关问题...
2024/11/18 17:42:25 client.go:84: ✅ 处理完成，耗时: 10.1774002s, 输出长度: 809字符
2024/11/18 17:42:25 main.go:68: 已处理第 20 行
2024/11/18 17:42:25 client.go:33: 开始处理输入文本: 帮我提供20条人们常问的古汉语文学相...
2024/11/18 17:42:28 client.go:84: ✅ 处理完成，耗时: 23.0579955s, 输出长度: 1296字符
2024/11/18 17:42:28 main.go:68: 已处理第 6 行
2024/11/18 17:42:28 client.go:33: 开始处理输入文本: 帮我提供20条人们常问的哲学相关问题...
2024/11/18 17:42:29 client.go:84: ✅ 处理完成，耗时: 12.2367802s, 输出长度: 1031字符
2024/11/18 17:42:29 main.go:68: 已处理第 23 行
2024/11/18 17:42:29 client.go:33: 开始处理输入文本: 帮我提供20条人们常问的海洋生物相关...
2024/11/18 17:42:29 client.go:84: ✅ 处理完成，耗时: 11.2057284s, 输出长度: 1110字符
2024/11/18 17:42:29 main.go:68: 已处理第 27 行
2024/11/18 17:42:29 client.go:33: 开始处理输入文本: 帮我提供20条人们常问的法律相关问题...
2024/11/18 17:42:30 client.go:84: ✅ 处理完成，耗时: 13.4733863s, 输出长度: 1294字符
2024/11/18 17:42:30 main.go:68: 已处理第 21 行
2024/11/18 17:42:30 client.go:33: 开始处理输入文本: 帮我提供20条人们常问的轻工业相关问...
2024/11/18 17:42:30 client.go:84: ✅ 处理完成，耗时: 12.4956791s, 输出长度: 1230字符
2024/11/18 17:42:30 main.go:68: 已处理第 26 行
2024/11/18 17:42:30 client.go:33: 开始处理输入文本: 帮我提供20条人们常问的机械设备相关...
2024/11/18 17:42:31 client.go:84: ✅ 处理完成，耗时: 14.095204s, 输出长度: 1343字符
2024/11/18 17:42:31 main.go:68: 已处理第 25 行
2024/11/18 17:42:31 client.go:33: 开始处理输入文本: 帮我提供20条人们常问的信息技术相关...
2024/11/18 17:42:32 client.go:84: ✅ 处理完成，耗时: 12.4313294s, 输出长度: 1162字符
2024/11/18 17:42:32 main.go:68: 已处理第 29 行
2024/11/18 17:42:32 client.go:33: 开始处理输入文本: 帮我提供20条人们常问的矿业相关问题...
2024/11/18 17:42:32 client.go:84: ✅ 处理完成，耗时: 12.1711581s, 输出长度: 1144字符
2024/11/18 17:42:32 main.go:68: 已处理第 30 行
2024/11/18 17:42:32 client.go:33: 开始处理输入文本: 帮我提供20条人们常问的化工相关问题...
2024/11/18 17:42:33 client.go:84: ✅ 处理完成，耗时: 12.0045903s, 输出长度: 1290字符
2024/11/18 17:42:33 main.go:68: 已处理第 37 行
2024/11/18 17:42:34 client.go:84: ✅ 处理完成，耗时: 13.6117941s, 输出长度: 1122字符
2024/11/18 17:42:34 main.go:68: 已处理第 12 行
2024/11/18 17:42:34 client.go:84: ✅ 处理完成，耗时: 17.2149107s, 输出长度: 1246字符
2024/11/18 17:42:34 main.go:68: 已处理第 24 行
2024/11/18 17:42:35 client.go:84: ✅ 处理完成，耗时: 11.8027135s, 输出长度: 1014字符
2024/11/18 17:42:35 main.go:68: 已处理第 39 行
2024/11/18 17:42:35 client.go:84: ✅ 处理完成，耗时: 10.8681443s, 输出长度: 996字符
2024/11/18 17:42:35 main.go:68: 已处理第 40 行
2024/11/18 17:42:37 client.go:84: ✅ 处理完成，耗时: 18.0277468s, 输出长度: 1426字符
2024/11/18 17:42:37 main.go:68: 已处理第 28 行
2024/11/18 17:42:39 client.go:84: ✅ 处理完成，耗时: 21.8603211s, 输出长度: 1195字符
2024/11/18 17:42:39 main.go:68: 已处理第 22 行
2024/11/18 17:42:40 client.go:84: ✅ 处理完成，耗时: 10.296921s, 输出长度: 981字符
2024/11/18 17:42:40 main.go:68: 已处理第 33 行
2024/11/18 17:42:42 client.go:84: ✅ 处理完成，耗时: 13.9392986s, 输出长度: 1155字符
2024/11/18 17:42:42 main.go:68: 已处理第 38 行
2024/11/18 17:42:43 client.go:84: ✅ 处理完成，耗时: 11.1946791s, 输出长度: 1132字符
2024/11/18 17:42:43 main.go:68: 已处理第 35 行
2024/11/18 17:42:44 client.go:84: ✅ 处理完成，耗时: 14.0729047s, 输出长度: 1156字符
2024/11/18 17:42:44 main.go:68: 已处理第 31 行
2024/11/18 17:42:44 client.go:84: ✅ 处理完成，耗时: 14.0670802s, 输出长度: 1005字符
2024/11/18 17:42:44 main.go:68: 已处理第 32 行
2024/11/18 17:42:47 client.go:84: ✅ 处理完成，耗时: 21.7293602s, 输出长度: 1321字符
2024/11/18 17:42:47 main.go:68: 已处理第 41 行
2024/11/18 17:42:48 client.go:84: ✅ 处理完成，耗时: 16.3083979s, 输出长度: 933字符
2024/11/18 17:42:48 main.go:68: 已处理第 9 行
2024/11/18 17:42:49 client.go:84: ✅ 处理完成，耗时: 17.1629459s, 输出长度: 1158字符
2024/11/18 17:42:49 main.go:68: 已处理第 34 行
2024/11/18 17:42:56 client.go:84: ✅ 处理完成，耗时: 26.6550604s, 输出长度: 3304字符
2024/11/18 17:42:56 main.go:68: 已处理第 36 行
2024/11/18 17:42:56 main.go:92: ✅ 处理完成！
2024/11/18 17:42:56 main.go:93: 总行数: 41
2024/11/18 17:42:56 main.go:94: 总耗时: 50.8930709s
2024/11/18 17:42:56 main.go:95: 结果已保存到 output_2024-11-18_17-42-56.xlsx
