2024/11/14 15:57:46 logger.go:37: 日志系统初始化完成，日志文件：logs\2024-11-14_15-57-46.log
2024/11/14 15:57:46 main.go:23: 程序开始执行，正在打开输入文件 'input.xlsx'...
2024/11/14 15:57:46 main.go:37: ✅ 成功读取输入文件，共有 11 行数据需要处理
2024/11/14 15:57:46 main.go:49: 开始并发处理数据，并发数: 16
2024/11/14 15:57:46 main.go:52: ⚠️ 跳过第 1 行：空行
2024/11/14 15:57:46 client.go:33: 开始处理输入文本: 通过数据生成运动过程分析，要求200...
2024/11/14 15:57:46 client.go:33: 开始处理输入文本: 通过数据生成运动过程分析，要求200...
2024/11/14 15:57:46 client.go:33: 开始处理输入文本: 通过数据生成运动过程分析，要求200...
2024/11/14 15:57:46 client.go:33: 开始处理输入文本: 通过数据生成运动过程分析，要求200...
2024/11/14 15:57:46 client.go:33: 开始处理输入文本: 通过数据生成运动过程分析，要求200...
2024/11/14 15:57:46 client.go:33: 开始处理输入文本: 通过数据生成运动过程分析，要求200...
2024/11/14 15:57:46 client.go:33: 开始处理输入文本: 通过数据生成运动过程分析，要求200...
2024/11/14 15:57:46 client.go:33: 开始处理输入文本: 通过数据生成运动过程分析，要求200...
2024/11/14 15:57:46 client.go:33: 开始处理输入文本: 通过数据生成运动过程分析，要求200...
2024/11/14 15:57:46 client.go:33: 开始处理输入文本: 通过数据生成运动过程分析，要求200...
2024/11/14 15:57:54 client.go:84: ✅ 处理完成，耗时: 8.0606628s, 输出长度: 876字符
2024/11/14 15:57:54 main.go:68: 已处理第 7 行
2024/11/14 15:57:54 client.go:84: ✅ 处理完成，耗时: 8.4268491s, 输出长度: 720字符
2024/11/14 15:57:54 main.go:68: 已处理第 10 行
2024/11/14 15:57:54 client.go:84: ✅ 处理完成，耗时: 8.4930606s, 输出长度: 954字符
2024/11/14 15:57:54 main.go:68: 已处理第 8 行
2024/11/14 15:57:54 client.go:84: ✅ 处理完成，耗时: 8.4992677s, 输出长度: 825字符
2024/11/14 15:57:54 main.go:68: 已处理第 2 行
2024/11/14 15:57:55 client.go:84: ✅ 处理完成，耗时: 8.8589687s, 输出长度: 843字符
2024/11/14 15:57:55 main.go:68: 已处理第 5 行
2024/11/14 15:57:55 client.go:84: ✅ 处理完成，耗时: 9.5795204s, 输出长度: 936字符
2024/11/14 15:57:55 main.go:68: 已处理第 6 行
2024/11/14 15:57:56 client.go:84: ✅ 处理完成，耗时: 10.4876003s, 输出长度: 936字符
2024/11/14 15:57:56 main.go:68: 已处理第 3 行
2024/11/14 15:57:56 client.go:84: ✅ 处理完成，耗时: 10.6743948s, 输出长度: 821字符
2024/11/14 15:57:56 main.go:68: 已处理第 4 行
2024/11/14 15:57:57 client.go:84: ✅ 处理完成，耗时: 11.1451501s, 输出长度: 1014字符
2024/11/14 15:57:57 main.go:68: 已处理第 11 行
2024/11/14 15:57:57 client.go:84: ✅ 处理完成，耗时: 11.3231278s, 输出长度: 855字符
2024/11/14 15:57:57 main.go:68: 已处理第 9 行
2024/11/14 15:57:57 main.go:92: ✅ 处理完成！
2024/11/14 15:57:57 main.go:93: 总行数: 11
2024/11/14 15:57:57 main.go:94: 总耗时: 11.3295222s
2024/11/14 15:57:57 main.go:95: 结果已保存到 output_2024-11-14_15-57-57.xlsx
