2024/11/14 16:01:51 logger.go:37: 日志系统初始化完成，日志文件：logs\2024-11-14_16-01-51.log
2024/11/14 16:01:51 main.go:23: 程序开始执行，正在打开输入文件 'input.xlsx'...
2024/11/14 16:01:51 main.go:37: ✅ 成功读取输入文件，共有 11 行数据需要处理
2024/11/14 16:01:51 main.go:49: 开始并发处理数据，并发数: 16
2024/11/14 16:01:51 main.go:52: ⚠️ 跳过第 1 行：空行
2024/11/14 16:01:51 client.go:33: 开始处理输入文本: 通过数据生成运动建议，让该同学通...
2024/11/14 16:01:51 client.go:33: 开始处理输入文本: 通过数据生成运动建议，让该同学通...
2024/11/14 16:01:51 client.go:33: 开始处理输入文本: 通过数据生成运动建议，让该同学通...
2024/11/14 16:01:51 client.go:33: 开始处理输入文本: 通过数据生成运动建议，让该同学通...
2024/11/14 16:01:51 client.go:33: 开始处理输入文本: 通过数据生成运动建议，让该同学通...
2024/11/14 16:01:51 client.go:33: 开始处理输入文本: 通过数据生成运动建议，让该同学通...
2024/11/14 16:01:51 client.go:33: 开始处理输入文本: 通过数据生成运动建议，让该同学通...
2024/11/14 16:01:51 client.go:33: 开始处理输入文本: 通过数据生成运动建议，让该同学通...
2024/11/14 16:01:51 client.go:33: 开始处理输入文本: 通过数据生成运动建议，让该同学通...
2024/11/14 16:01:51 client.go:33: 开始处理输入文本: 通过数据生成运动建议，让该同学通...
2024/11/14 16:01:59 client.go:84: ✅ 处理完成，耗时: 7.9043432s, 输出长度: 897字符
2024/11/14 16:01:59 main.go:68: 已处理第 4 行
2024/11/14 16:01:59 client.go:84: ✅ 处理完成，耗时: 8.3471608s, 输出长度: 690字符
2024/11/14 16:01:59 main.go:68: 已处理第 11 行
2024/11/14 16:02:00 client.go:84: ✅ 处理完成，耗时: 8.6660529s, 输出长度: 888字符
2024/11/14 16:02:00 main.go:68: 已处理第 10 行
2024/11/14 16:02:00 client.go:84: ✅ 处理完成，耗时: 8.8203773s, 输出长度: 726字符
2024/11/14 16:02:00 main.go:68: 已处理第 5 行
2024/11/14 16:02:00 client.go:84: ✅ 处理完成，耗时: 8.9477271s, 输出长度: 942字符
2024/11/14 16:02:00 main.go:68: 已处理第 3 行
2024/11/14 16:02:01 client.go:84: ✅ 处理完成，耗时: 9.9963244s, 输出长度: 825字符
2024/11/14 16:02:01 main.go:68: 已处理第 2 行
2024/11/14 16:02:02 client.go:84: ✅ 处理完成，耗时: 11.1536052s, 输出长度: 1191字符
2024/11/14 16:02:02 main.go:68: 已处理第 9 行
2024/11/14 16:02:03 client.go:84: ✅ 处理完成，耗时: 12.004799s, 输出长度: 1287字符
2024/11/14 16:02:03 main.go:68: 已处理第 7 行
2024/11/14 16:02:03 client.go:84: ✅ 处理完成，耗时: 12.1069859s, 输出长度: 1158字符
2024/11/14 16:02:03 main.go:68: 已处理第 8 行
2024/11/14 16:02:08 client.go:84: ✅ 处理完成，耗时: 16.7376449s, 输出长度: 963字符
2024/11/14 16:02:08 main.go:68: 已处理第 6 行
2024/11/14 16:02:08 main.go:92: ✅ 处理完成！
2024/11/14 16:02:08 main.go:93: 总行数: 11
2024/11/14 16:02:08 main.go:94: 总耗时: 16.7444988s
2024/11/14 16:02:08 main.go:95: 结果已保存到 output_2024-11-14_16-02-08.xlsx
